19:52:44.966 [main] DEBUG com.intuit.karate.Suite - [config] classpath:karate-config.js
19:52:46.840 [main] INFO  com.intuit.karate - karate.env system property was: null 
19:52:46.946 [main] DEBUG com.intuit.karate.shell.Command - found / verified free local port: 9222
19:52:46.949 [chrome_1762698166942] DEBUG c.i.k.driver.chrome_1762698166942 - command: [C:\Program Files\Google\Chrome\Application\chrome.exe, --remote-debugging-port=9222, --remote-allow-origins=*, --no-first-run, --user-data-dir=C:\Users\akhil\eclipse-workspace\KarateUITesting\target\chrome_1762698166942, --disable-popup-blocking], working dir: target\chrome_1762698166942
19:52:46.959 [main] DEBUG c.i.k.driver.chrome_1762698166942 - poll attempt #0 for port to be ready - localhost:9222
19:52:47.228 [main] DEBUG c.i.k.driver.chrome_1762698166942 - poll attempt #1 for port to be ready - localhost:9222
19:52:47.517 [main] DEBUG c.i.k.driver.chrome_1762698166942 - poll attempt #2 for port to be ready - localhost:9222
19:52:47.527 [chrome_1762698166942-out] DEBUG c.i.k.driver.chrome_1762698166942 - 
19:52:47.533 [chrome_1762698166942-out] DEBUG c.i.k.driver.chrome_1762698166942 - DevTools listening on ws://127.0.0.1:9222/devtools/browser/f5cd5f34-8285-4791-8419-3bb7a9f55356
19:52:49.788 [main] DEBUG com.intuit.karate - request:
1 > GET http://localhost:9222/json
1 > Host: localhost:9222
1 > Connection: Keep-Alive
1 > User-Agent: Apache-HttpClient/4.5.14 (Java/17.0.6)
1 > Accept-Encoding: gzip,deflate


19:52:49.838 [main] DEBUG com.intuit.karate - response time in milliseconds: 45
1 < 200
1 < Content-Security-Policy: frame-ancestors 'none'
1 < Content-Length: 2184
1 < Content-Type: application/json; charset=UTF-8
[ {
   "description": "",
   "devtoolsFrontendUrl": "https://chrome-devtools-frontend.appspot.com/serve_rev/@b6965f826881a60c51151cfc0a0175966a0a4e81/inspector.html?ws=localhost:9222/devtools/page/78788C48E37DFD663CF4B1AA88434EA9",
   "id": "78788C48E37DFD663CF4B1AA88434EA9",
   "title": "Google Hangouts",
   "type": "background_page",
   "url": "chrome-extension://nkeimhogjdpnpccoofpliimaahmaaome/background.html",
   "webSocketDebuggerUrl": "ws://localhost:9222/devtools/page/78788C48E37DFD663CF4B1AA88434EA9"
}, {
   "description": "",
   "devtoolsFrontendUrl": "https://chrome-devtools-frontend.appspot.com/serve_rev/@b6965f826881a60c51151cfc0a0175966a0a4e81/inspector.html?ws=localhost:9222/devtools/page/926D08BFD5FD9BCDEA1E78E2DC22506D",
   "id": "926D08BFD5FD9BCDEA1E78E2DC22506D",
   "title": "New Tab",
   "type": "page",
   "url": "chrome://newtab/",
   "webSocketDebuggerUrl": "ws://localhost:9222/devtools/page/926D08BFD5FD9BCDEA1E78E2DC22506D"
}, {
   "description": "",
   "devtoolsFrontendUrl": "https://chrome-devtools-frontend.appspot.com/serve_rev/@b6965f826881a60c51151cfc0a0175966a0a4e81/inspector.html?ws=localhost:9222/devtools/page/B8954579207A9B118708B7154C03C9C1",
   "id": "B8954579207A9B118708B7154C03C9C1",
   "parentId": "926D08BFD5FD9BCDEA1E78E2DC22506D",
   "title": "chrome-untrusted://new-tab-page/one-google-bar?paramsencoded=",
   "type": "iframe",
   "url": "chrome-untrusted://new-tab-page/one-google-bar?paramsencoded=",
   "webSocketDebuggerUrl": "ws://localhost:9222/devtools/page/B8954579207A9B118708B7154C03C9C1"
}, {
   "description": "",
   "devtoolsFrontendUrl": "https://chrome-devtools-frontend.appspot.com/serve_rev/@b6965f826881a60c51151cfc0a0175966a0a4e81/worker_app.html?ws=localhost:9222/devtools/page/A0C6E378A6AB5434D3E068B1358EABFF",
   "id": "A0C6E378A6AB5434D3E068B1358EABFF",
   "title": "Service Worker chrome-extension://fignfifoniblkonapihmkfakmlgkbkcf/service_worker.js",
   "type": "service_worker",
   "url": "chrome-extension://fignfifoniblkonapihmkfakmlgkbkcf/service_worker.js",
   "webSocketDebuggerUrl": "ws://localhost:9222/devtools/page/A0C6E378A6AB5434D3E068B1358EABFF"
} ]


19:52:49.858 [main] DEBUG com.intuit.karate.shell.Command - ready to accept http connections after 1977 ms - http://localhost:9222/json
19:52:49.860 [main] DEBUG com.intuit.karate - request:
1 > GET http://localhost:9222/json
1 > Host: localhost:9222
1 > Connection: Keep-Alive
1 > User-Agent: Apache-HttpClient/4.5.14 (Java/17.0.6)
1 > Accept-Encoding: gzip,deflate


19:52:49.864 [main] DEBUG com.intuit.karate - response time in milliseconds: 2
1 < 200
1 < Content-Security-Policy: frame-ancestors 'none'
1 < Content-Length: 2184
1 < Content-Type: application/json; charset=UTF-8
[ {
   "description": "",
   "devtoolsFrontendUrl": "https://chrome-devtools-frontend.appspot.com/serve_rev/@b6965f826881a60c51151cfc0a0175966a0a4e81/inspector.html?ws=localhost:9222/devtools/page/78788C48E37DFD663CF4B1AA88434EA9",
   "id": "78788C48E37DFD663CF4B1AA88434EA9",
   "title": "Google Hangouts",
   "type": "background_page",
   "url": "chrome-extension://nkeimhogjdpnpccoofpliimaahmaaome/background.html",
   "webSocketDebuggerUrl": "ws://localhost:9222/devtools/page/78788C48E37DFD663CF4B1AA88434EA9"
}, {
   "description": "",
   "devtoolsFrontendUrl": "https://chrome-devtools-frontend.appspot.com/serve_rev/@b6965f826881a60c51151cfc0a0175966a0a4e81/inspector.html?ws=localhost:9222/devtools/page/926D08BFD5FD9BCDEA1E78E2DC22506D",
   "id": "926D08BFD5FD9BCDEA1E78E2DC22506D",
   "title": "New Tab",
   "type": "page",
   "url": "chrome://newtab/",
   "webSocketDebuggerUrl": "ws://localhost:9222/devtools/page/926D08BFD5FD9BCDEA1E78E2DC22506D"
}, {
   "description": "",
   "devtoolsFrontendUrl": "https://chrome-devtools-frontend.appspot.com/serve_rev/@b6965f826881a60c51151cfc0a0175966a0a4e81/inspector.html?ws=localhost:9222/devtools/page/B8954579207A9B118708B7154C03C9C1",
   "id": "B8954579207A9B118708B7154C03C9C1",
   "parentId": "926D08BFD5FD9BCDEA1E78E2DC22506D",
   "title": "chrome-untrusted://new-tab-page/one-google-bar?paramsencoded=",
   "type": "iframe",
   "url": "chrome-untrusted://new-tab-page/one-google-bar?paramsencoded=",
   "webSocketDebuggerUrl": "ws://localhost:9222/devtools/page/B8954579207A9B118708B7154C03C9C1"
}, {
   "description": "",
   "devtoolsFrontendUrl": "https://chrome-devtools-frontend.appspot.com/serve_rev/@b6965f826881a60c51151cfc0a0175966a0a4e81/worker_app.html?ws=localhost:9222/devtools/page/A0C6E378A6AB5434D3E068B1358EABFF",
   "id": "A0C6E378A6AB5434D3E068B1358EABFF",
   "title": "Service Worker chrome-extension://fignfifoniblkonapihmkfakmlgkbkcf/service_worker.js",
   "type": "service_worker",
   "url": "chrome-extension://fignfifoniblkonapihmkfakmlgkbkcf/service_worker.js",
   "webSocketDebuggerUrl": "ws://localhost:9222/devtools/page/A0C6E378A6AB5434D3E068B1358EABFF"
} ]


19:52:49.875 [main] DEBUG c.i.k.driver.chrome_1762698166942 - root frame id: 926D08BFD5FD9BCDEA1E78E2DC22506D
19:52:50.965 [nioEventLoopGroup-2-1] DEBUG c.i.k.http.WebSocketClientHandler - websocket client connected
19:52:50.971 [main] DEBUG c.i.k.driver.chrome_1762698166942 - >> {"id":1,"method":"Target.attachToTarget","params":{"targetId":"926D08BFD5FD9BCDEA1E78E2DC22506D","flatten":true}}
19:52:51.009 [nioEventLoopGroup-2-1] DEBUG c.i.k.driver.chrome_1762698166942 - << {"method":"Target.attachedToTarget","params":{"sessionId":"A691F40E2453FE470D0F5FD76EBCC36E","targetInfo":{"targetId":"926D08BFD5FD9BCDEA1E78E2DC22506D","type":"page","title":"New Tab","url":"chrome://newtab/","attached":true,"canAccessOpener":false,"browserContextId":"4242FDF2225CFBBB9D13AE798E1D2A50"},"waitingForDebugger":false}}
19:52:51.012 [nioEventLoopGroup-2-1] DEBUG c.i.k.driver.chrome_1762698166942 - << {"id":1,"result":{"sessionId":"A691F40E2453FE470D0F5FD76EBCC36E"}}
19:52:51.014 [main] DEBUG c.i.k.driver.chrome_1762698166942 - >> {"id":2,"sessionId":"A691F40E2453FE470D0F5FD76EBCC36E","method":"Target.activateTarget","params":{"targetId":"926D08BFD5FD9BCDEA1E78E2DC22506D"}}
19:52:51.021 [nioEventLoopGroup-2-1] DEBUG c.i.k.driver.chrome_1762698166942 - << {"id":2,"result":{},"sessionId":"A691F40E2453FE470D0F5FD76EBCC36E"}
19:52:51.023 [main] DEBUG c.i.k.driver.chrome_1762698166942 - >> {"id":3,"sessionId":"A691F40E2453FE470D0F5FD76EBCC36E","method":"Target.setDiscoverTargets","params":{"discover":true}}
19:52:51.026 [nioEventLoopGroup-2-1] DEBUG c.i.k.driver.chrome_1762698166942 - << {"method":"Target.targetCreated","params":{"targetInfo":{"targetId":"78788C48E37DFD663CF4B1AA88434EA9","type":"background_page","title":"Google Hangouts","url":"chrome-extension://nkeimhogjdpnpccoofpliimaahmaaome/background.html","attached":false,"canAccessOpener":false,"browserContextId":"4242FDF2225CFBBB9D13AE798E1D2A50"}},"sessionId":"A691F40E2453FE470D0F5FD76EBCC36E"}
19:52:51.028 [nioEventLoopGroup-2-1] DEBUG c.i.k.driver.chrome_1762698166942 - << {"method":"Target.targetCreated","params":{"targetInfo":{"targetId":"926D08BFD5FD9BCDEA1E78E2DC22506D","type":"page","title":"New Tab","url":"chrome://newtab/","attached":true,"canAccessOpener":false,"browserContextId":"4242FDF2225CFBBB9D13AE798E1D2A50"}},"sessionId":"A691F40E2453FE470D0F5FD76EBCC36E"}
19:52:51.029 [nioEventLoopGroup-2-1] DEBUG c.i.k.driver.chrome_1762698166942 - << {"method":"Target.targetCreated","params":{"targetInfo":{"targetId":"A0C6E378A6AB5434D3E068B1358EABFF","type":"service_worker","title":"Service Worker chrome-extension://fignfifoniblkonapihmkfakmlgkbkcf/service_worker.js","url":"chrome-extension://fignfifoniblkonapihmkfakmlgkbkcf/service_worker.js","attached":false,"canAccessOpener":false,"browserContextId":"4242FDF2225CFBBB9D13AE798E1D2A50"}},"sessionId":"A691F40E2453FE470D0F5FD76EBCC36E"}
19:52:51.031 [nioEventLoopGroup-2-1] DEBUG c.i.k.driver.chrome_1762698166942 - << {"method":"Target.targetCreated","params":{"targetInfo":{"targetId":"B8954579207A9B118708B7154C03C9C1","type":"iframe","title":"chrome-untrusted://new-tab-page/one-google-bar?paramsencoded=","url":"chrome-untrusted://new-tab-page/one-google-bar?paramsencoded=","attached":false,"canAccessOpener":false,"parentFrameId":"926D08BFD5FD9BCDEA1E78E2DC22506D","browserContextId":"4242FDF2225CFBBB9D13AE798E1D2A50"}},"sessionId":"A691F40E2453FE470D0F5FD76EBCC36E"}
19:52:51.032 [nioEventLoopGroup-2-1] DEBUG c.i.k.driver.chrome_1762698166942 - << {"id":3,"result":{},"sessionId":"A691F40E2453FE470D0F5FD76EBCC36E"}
19:52:51.035 [main] DEBUG c.i.k.driver.chrome_1762698166942 - >> {"id":4,"sessionId":"A691F40E2453FE470D0F5FD76EBCC36E","method":"Page.enable"}
19:52:51.039 [nioEventLoopGroup-2-1] DEBUG c.i.k.driver.chrome_1762698166942 - << {"id":4,"result":{},"sessionId":"A691F40E2453FE470D0F5FD76EBCC36E"}
19:52:51.042 [main] DEBUG c.i.k.driver.chrome_1762698166942 - >> {"id":5,"sessionId":"A691F40E2453FE470D0F5FD76EBCC36E","method":"Runtime.enable"}
19:52:51.047 [nioEventLoopGroup-2-1] DEBUG c.i.k.driver.chrome_1762698166942 - << {"method":"Runtime.executionContextCreated","params":{"context":{"id":2,"origin":"chrome://new-tab-page","name":"","uniqueId":"-5606906574468536650.-3245400551848091244","auxData":{"isDefault":true,"type":"default","frameId":"64FF6DC6FFD3253D84786812A0DA5449"}}},"sessionId":"A691F40E2453FE470D0F5FD76EBCC36E"}
19:52:51.049 [nioEventLoopGroup-2-1] DEBUG c.i.k.driver.chrome_1762698166942 - << {"method":"Runtime.executionContextCreated","params":{"context":{"id":1,"origin":"chrome://new-tab-page","name":"","uniqueId":"5107363029863777122.687123016540895435","auxData":{"isDefault":true,"type":"default","frameId":"926D08BFD5FD9BCDEA1E78E2DC22506D"}}},"sessionId":"A691F40E2453FE470D0F5FD76EBCC36E"}
19:52:51.168 [nioEventLoopGroup-2-1] DEBUG c.i.k.driver.chrome_1762698166942 - << {"id":5,"result":{},"sessionId":"A691F40E2453FE470D0F5FD76EBCC36E"}
19:52:51.170 [main] DEBUG c.i.k.driver.chrome_1762698166942 - >> {"id":6,"sessionId":"A691F40E2453FE470D0F5FD76EBCC36E","method":"Browser.getWindowForTarget","params":{"targetId":"926D08BFD5FD9BCDEA1E78E2DC22506D"}}
19:52:51.173 [nioEventLoopGroup-2-1] DEBUG c.i.k.driver.chrome_1762698166942 - << {"id":6,"result":{"windowId":584384038,"bounds":{"left":9,"top":9,"width":1051,"height":798,"windowState":"normal"}},"sessionId":"A691F40E2453FE470D0F5FD76EBCC36E"}
19:52:51.990 [main] DEBUG c.i.k.driver.chrome_1762698166942 - >> {"id":7,"sessionId":"A691F40E2453FE470D0F5FD76EBCC36E","method":"Page.navigate","params":{"url":"https:\/\/www.saucedemo.com\/"}}
19:52:52.002 [nioEventLoopGroup-2-1] DEBUG c.i.k.driver.chrome_1762698166942 - << {"method":"Page.frameStartedNavigating","params":{"frameId":"926D08BFD5FD9BCDEA1E78E2DC22506D","url":"https://www.saucedemo.com/","loaderId":"C5B08AAA276690BDA1016DA585053F06","navigationType":"differentDocument"},"sessionId":"A691F40E2453FE470D0F5FD76EBCC36E"}
19:52:52.004 [nioEventLoopGroup-2-1] DEBUG c.i.k.driver.chrome_1762698166942 - << {"method":"Page.frameStartedLoading","params":{"frameId":"926D08BFD5FD9BCDEA1E78E2DC22506D"},"sessionId":"A691F40E2453FE470D0F5FD76EBCC36E"}
19:52:52.449 [nioEventLoopGroup-2-1] DEBUG c.i.k.driver.chrome_1762698166942 - << {"id":7,"result":{"frameId":"926D08BFD5FD9BCDEA1E78E2DC22506D","loaderId":"C5B08AAA276690BDA1016DA585053F06","isDownload":false},"sessionId":"A691F40E2453FE470D0F5FD76EBCC36E"}
19:52:52.450 [nioEventLoopGroup-2-1] DEBUG c.i.k.driver.chrome_1762698166942 - << {"method":"Runtime.executionContextsCleared","params":{},"sessionId":"A691F40E2453FE470D0F5FD76EBCC36E"}
19:52:52.452 [nioEventLoopGroup-2-1] DEBUG c.i.k.driver.chrome_1762698166942 - << {"method":"Runtime.executionContextsCleared","params":{},"sessionId":"A691F40E2453FE470D0F5FD76EBCC36E"}
19:52:52.453 [nioEventLoopGroup-2-1] DEBUG c.i.k.driver.chrome_1762698166942 - << {"method":"Page.frameNavigated","params":{"frame":{"id":"926D08BFD5FD9BCDEA1E78E2DC22506D","loaderId":"C5B08AAA276690BDA1016DA585053F06","url":"https://www.saucedemo.com/","domainAndRegistry":"saucedemo.com","securityOrigin":"https://www.saucedemo.com","securityOriginDetails":{"isLocalhost":false},"mimeType":"text/html","adFrameStatus":{"adFrameType":"none"},"secureContextType":"Secure","crossOriginIsolatedContextType":"NotIsolated","gatedAPIFeatures":[]},"type":"Navigation"},"sessionId":"A691F40E2453FE470D0F5FD76EBCC36E"}
19:52:52.462 [nioEventLoopGroup-2-1] DEBUG c.i.k.driver.chrome_1762698166942 - << {"method":"Target.targetInfoChanged","params":{"targetInfo":{"targetId":"926D08BFD5FD9BCDEA1E78E2DC22506D","type":"page","title":"saucedemo.com","url":"https://www.saucedemo.com/","attached":true,"canAccessOpener":false,"browserContextId":"4242FDF2225CFBBB9D13AE798E1D2A50"}},"sessionId":"A691F40E2453FE470D0F5FD76EBCC36E"}
19:52:52.466 [nioEventLoopGroup-2-1] DEBUG c.i.k.driver.chrome_1762698166942 - << {"method":"Page.frameDetached","params":{"frameId":"B8954579207A9B118708B7154C03C9C1","reason":"remove"},"sessionId":"A691F40E2453FE470D0F5FD76EBCC36E"}
19:52:52.468 [nioEventLoopGroup-2-1] DEBUG c.i.k.driver.chrome_1762698166942 - << {"method":"Target.targetDestroyed","params":{"targetId":"B8954579207A9B118708B7154C03C9C1"},"sessionId":"A691F40E2453FE470D0F5FD76EBCC36E"}
19:52:52.469 [nioEventLoopGroup-2-1] DEBUG c.i.k.driver.chrome_1762698166942 - << {"method":"Runtime.executionContextCreated","params":{"context":{"id":1,"origin":"https://www.saucedemo.com","name":"","uniqueId":"-7561001128258733569.8526980902517624138","auxData":{"isDefault":true,"type":"default","frameId":"926D08BFD5FD9BCDEA1E78E2DC22506D"}}},"sessionId":"A691F40E2453FE470D0F5FD76EBCC36E"}
19:52:53.089 [nioEventLoopGroup-2-1] DEBUG c.i.k.driver.chrome_1762698166942 - << {"method":"Page.domContentEventFired","params":{"timestamp":976282.094184},"sessionId":"A691F40E2453FE470D0F5FD76EBCC36E"}
19:52:53.334 [nioEventLoopGroup-2-1] DEBUG c.i.k.driver.chrome_1762698166942 - << {"method":"Page.loadEventFired","params":{"timestamp":976282.381612},"sessionId":"A691F40E2453FE470D0F5FD76EBCC36E"}
19:52:53.335 [nioEventLoopGroup-2-1] DEBUG c.i.k.driver.chrome_1762698166942 - << {"method":"Page.frameStoppedLoading","params":{"frameId":"926D08BFD5FD9BCDEA1E78E2DC22506D"},"sessionId":"A691F40E2453FE470D0F5FD76EBCC36E"}
19:52:53.337 [nioEventLoopGroup-2-1] DEBUG c.i.k.driver.chrome_1762698166942 - << {"method":"Target.targetCreated","params":{"targetInfo":{"targetId":"F139524E1BD8773FE9F3B4F30319F528","type":"service_worker","title":"Service Worker https://www.saucedemo.com/service-worker.js","url":"https://www.saucedemo.com/service-worker.js","attached":false,"canAccessOpener":false,"browserContextId":"4242FDF2225CFBBB9D13AE798E1D2A50"}},"sessionId":"A691F40E2453FE470D0F5FD76EBCC36E"}
19:52:53.990 [chrome_1762698166942-out] DEBUG c.i.k.driver.chrome_1762698166942 - [4928:14812:1109/195253.990:ERROR:google_apis\gcm\engine\registration_request.cc:292] Registration response error message: DEPRECATED_ENDPOINT
19:52:54.141 [nioEventLoopGroup-2-1] DEBUG c.i.k.driver.chrome_1762698166942 - << {"method":"Runtime.consoleAPICalled","params":{"type":"log","args":[{"type":"string","value":"Content is cached for offline use."}],"executionContextId":1,"timestamp":1.762698174140449e+12,"stackTrace":{"callFrames":[{"functionName":"console.<computed>","scriptId":"6","url":"https://www.saucedemo.com/static/js/main.bcf4bc5f.js","lineNumber":1,"columnNumber":506862},{"functionName":"n.onstatechange","scriptId":"6","url":"https://www.saucedemo.com/static/js/main.bcf4bc5f.js","lineNumber":1,"columnNumber":659058}]}},"sessionId":"A691F40E2453FE470D0F5FD76EBCC36E"}
19:52:54.142 [nioEventLoopGroup-2-1] DEBUG c.i.k.driver.chrome_1762698166942 - [console] Content is cached for offline use.
19:52:55.844 [nioEventLoopGroup-2-1] DEBUG c.i.k.driver.chrome_1762698166942 - << {"method":"Target.targetCreated","params":{"targetInfo":{"targetId":"135067EC711E53FA0C2676C9C2CE04CD","type":"other","title":"","url":"","attached":false,"canAccessOpener":false,"browserContextId":"4242FDF2225CFBBB9D13AE798E1D2A50"}},"sessionId":"A691F40E2453FE470D0F5FD76EBCC36E"}
19:52:55.864 [nioEventLoopGroup-2-1] DEBUG c.i.k.driver.chrome_1762698166942 - << {"method":"Target.targetDestroyed","params":{"targetId":"F139524E1BD8773FE9F3B4F30319F528"},"sessionId":"A691F40E2453FE470D0F5FD76EBCC36E"}
19:52:55.959 [nioEventLoopGroup-2-1] DEBUG c.i.k.driver.chrome_1762698166942 - << {"method":"Target.targetInfoChanged","params":{"targetInfo":{"targetId":"135067EC711E53FA0C2676C9C2CE04CD","type":"background_page","title":"Chrome Web Store Payments","url":"chrome-extension://nmmhkkegccagdldgiimedpiccmgmieda/_generated_background_page.html","attached":false,"canAccessOpener":false,"browserContextId":"4242FDF2225CFBBB9D13AE798E1D2A50"}},"sessionId":"A691F40E2453FE470D0F5FD76EBCC36E"}
19:52:56.173 [nioEventLoopGroup-2-1] DEBUG c.i.k.driver.chrome_1762698166942 - << {"method":"Target.targetCreated","params":{"targetInfo":{"targetId":"8E22593CD40F17F96B400A4D3119A26B","type":"service_worker","title":"Service Worker chrome-extension://ghbmnnjooekpmoecnnnilnnbdlolhkhi/service_worker_bin_prod.js","url":"chrome-extension://ghbmnnjooekpmoecnnnilnnbdlolhkhi/service_worker_bin_prod.js","attached":false,"canAccessOpener":false,"browserContextId":"4242FDF2225CFBBB9D13AE798E1D2A50"}},"sessionId":"A691F40E2453FE470D0F5FD76EBCC36E"}
19:52:56.415 [main] DEBUG c.i.k.driver.chrome_1762698166942 - >> {"id":8,"sessionId":"A691F40E2453FE470D0F5FD76EBCC36E","method":"Runtime.evaluate","params":{"expression":"document.location.href","returnByValue":true}}
19:52:56.417 [nioEventLoopGroup-2-1] DEBUG c.i.k.driver.chrome_1762698166942 - << {"id":8,"result":{"result":{"type":"string","value":"https://www.saucedemo.com/"}},"sessionId":"A691F40E2453FE470D0F5FD76EBCC36E"}
19:52:56.420 [main] INFO  com.intuit.karate - [print] current url is: https://www.saucedemo.com/ 
19:52:56.459 [main] DEBUG c.i.k.driver.chrome_1762698166942 - >> {"id":9,"sessionId":"A691F40E2453FE470D0F5FD76EBCC36E","method":"Target.closeTarget","params":{"targetId":"926D08BFD5FD9BCDEA1E78E2DC22506D"}}
19:52:56.462 [nioEventLoopGroup-2-1] DEBUG c.i.k.driver.chrome_1762698166942 - << {"id":9,"result":{"success":true},"sessionId":"A691F40E2453FE470D0F5FD76EBCC36E"}
19:52:56.468 [nioEventLoopGroup-2-1] DEBUG c.i.k.driver.chrome_1762698166942 - << {"method":"Inspector.detached","params":{"reason":"target_closed"}}
19:52:56.471 [nioEventLoopGroup-2-1] DEBUG c.i.k.http.WebSocketClientHandler - websocket client disconnected
19:52:56.498 [main] DEBUG com.intuit.karate.shell.Command - closing command: chrome_1762698166942
19:56:17.636 [main] DEBUG com.intuit.karate.Suite - [config] classpath:karate-config.js
19:56:19.311 [main] INFO  com.intuit.karate - karate.env system property was: null 
19:56:19.462 [main] DEBUG com.intuit.karate.shell.Command - found / verified free local port: 9222
19:56:19.464 [chrome_1762698379459] DEBUG c.i.k.driver.chrome_1762698379459 - command: [C:\Program Files\Google\Chrome\Application\chrome.exe, --remote-debugging-port=9222, --remote-allow-origins=*, --no-first-run, --user-data-dir=C:\Users\akhil\eclipse-workspace\KarateUITesting\target\chrome_1762698379459, --disable-popup-blocking], working dir: target\chrome_1762698379459
19:56:19.472 [main] DEBUG c.i.k.driver.chrome_1762698379459 - poll attempt #0 for port to be ready - localhost:9222
19:56:19.737 [main] DEBUG c.i.k.driver.chrome_1762698379459 - poll attempt #1 for port to be ready - localhost:9222
19:56:19.989 [main] DEBUG c.i.k.driver.chrome_1762698379459 - poll attempt #2 for port to be ready - localhost:9222
19:56:20.242 [main] DEBUG c.i.k.driver.chrome_1762698379459 - poll attempt #3 for port to be ready - localhost:9222
19:56:20.505 [main] DEBUG c.i.k.driver.chrome_1762698379459 - poll attempt #4 for port to be ready - localhost:9222
19:56:20.664 [chrome_1762698379459-out] DEBUG c.i.k.driver.chrome_1762698379459 - 
19:56:20.665 [chrome_1762698379459-out] DEBUG c.i.k.driver.chrome_1762698379459 - DevTools listening on ws://127.0.0.1:9222/devtools/browser/6f5cb3b6-b4a8-4421-aaf3-9977937e3085
19:56:20.914 [main] DEBUG c.i.k.driver.chrome_1762698379459 - poll attempt #5 for port to be ready - localhost:9222
19:56:22.746 [main] DEBUG com.intuit.karate - request:
1 > GET http://localhost:9222/json
1 > Host: localhost:9222
1 > Connection: Keep-Alive
1 > User-Agent: Apache-HttpClient/4.5.14 (Java/17.0.6)
1 > Accept-Encoding: gzip,deflate


19:56:22.803 [main] DEBUG com.intuit.karate - response time in milliseconds: 55
1 < 200
1 < Content-Security-Policy: frame-ancestors 'none'
1 < Content-Length: 2184
1 < Content-Type: application/json; charset=UTF-8
[ {
   "description": "",
   "devtoolsFrontendUrl": "https://chrome-devtools-frontend.appspot.com/serve_rev/@b6965f826881a60c51151cfc0a0175966a0a4e81/inspector.html?ws=localhost:9222/devtools/page/634E91CB4FA2E56FDA73B5F3CACF4E5F",
   "id": "634E91CB4FA2E56FDA73B5F3CACF4E5F",
   "title": "Google Hangouts",
   "type": "background_page",
   "url": "chrome-extension://nkeimhogjdpnpccoofpliimaahmaaome/background.html",
   "webSocketDebuggerUrl": "ws://localhost:9222/devtools/page/634E91CB4FA2E56FDA73B5F3CACF4E5F"
}, {
   "description": "",
   "devtoolsFrontendUrl": "https://chrome-devtools-frontend.appspot.com/serve_rev/@b6965f826881a60c51151cfc0a0175966a0a4e81/inspector.html?ws=localhost:9222/devtools/page/131C67BD69AB567C2312B29E3D65719E",
   "id": "131C67BD69AB567C2312B29E3D65719E",
   "title": "New Tab",
   "type": "page",
   "url": "chrome://newtab/",
   "webSocketDebuggerUrl": "ws://localhost:9222/devtools/page/131C67BD69AB567C2312B29E3D65719E"
}, {
   "description": "",
   "devtoolsFrontendUrl": "https://chrome-devtools-frontend.appspot.com/serve_rev/@b6965f826881a60c51151cfc0a0175966a0a4e81/inspector.html?ws=localhost:9222/devtools/page/19BC76F21BF6829C323C1AA58C107B65",
   "id": "19BC76F21BF6829C323C1AA58C107B65",
   "parentId": "131C67BD69AB567C2312B29E3D65719E",
   "title": "chrome-untrusted://new-tab-page/one-google-bar?paramsencoded=",
   "type": "iframe",
   "url": "chrome-untrusted://new-tab-page/one-google-bar?paramsencoded=",
   "webSocketDebuggerUrl": "ws://localhost:9222/devtools/page/19BC76F21BF6829C323C1AA58C107B65"
}, {
   "description": "",
   "devtoolsFrontendUrl": "https://chrome-devtools-frontend.appspot.com/serve_rev/@b6965f826881a60c51151cfc0a0175966a0a4e81/worker_app.html?ws=localhost:9222/devtools/page/C6CC9BF1A1D1CFD3F57F39DF1D5F33B3",
   "id": "C6CC9BF1A1D1CFD3F57F39DF1D5F33B3",
   "title": "Service Worker chrome-extension://fignfifoniblkonapihmkfakmlgkbkcf/service_worker.js",
   "type": "service_worker",
   "url": "chrome-extension://fignfifoniblkonapihmkfakmlgkbkcf/service_worker.js",
   "webSocketDebuggerUrl": "ws://localhost:9222/devtools/page/C6CC9BF1A1D1CFD3F57F39DF1D5F33B3"
} ]


19:56:22.819 [main] DEBUG com.intuit.karate.shell.Command - ready to accept http connections after 1471 ms - http://localhost:9222/json
19:56:22.822 [main] DEBUG com.intuit.karate - request:
1 > GET http://localhost:9222/json
1 > Host: localhost:9222
1 > Connection: Keep-Alive
1 > User-Agent: Apache-HttpClient/4.5.14 (Java/17.0.6)
1 > Accept-Encoding: gzip,deflate


19:56:22.824 [main] DEBUG com.intuit.karate - response time in milliseconds: 2
1 < 200
1 < Content-Security-Policy: frame-ancestors 'none'
1 < Content-Length: 2184
1 < Content-Type: application/json; charset=UTF-8
[ {
   "description": "",
   "devtoolsFrontendUrl": "https://chrome-devtools-frontend.appspot.com/serve_rev/@b6965f826881a60c51151cfc0a0175966a0a4e81/inspector.html?ws=localhost:9222/devtools/page/634E91CB4FA2E56FDA73B5F3CACF4E5F",
   "id": "634E91CB4FA2E56FDA73B5F3CACF4E5F",
   "title": "Google Hangouts",
   "type": "background_page",
   "url": "chrome-extension://nkeimhogjdpnpccoofpliimaahmaaome/background.html",
   "webSocketDebuggerUrl": "ws://localhost:9222/devtools/page/634E91CB4FA2E56FDA73B5F3CACF4E5F"
}, {
   "description": "",
   "devtoolsFrontendUrl": "https://chrome-devtools-frontend.appspot.com/serve_rev/@b6965f826881a60c51151cfc0a0175966a0a4e81/inspector.html?ws=localhost:9222/devtools/page/131C67BD69AB567C2312B29E3D65719E",
   "id": "131C67BD69AB567C2312B29E3D65719E",
   "title": "New Tab",
   "type": "page",
   "url": "chrome://newtab/",
   "webSocketDebuggerUrl": "ws://localhost:9222/devtools/page/131C67BD69AB567C2312B29E3D65719E"
}, {
   "description": "",
   "devtoolsFrontendUrl": "https://chrome-devtools-frontend.appspot.com/serve_rev/@b6965f826881a60c51151cfc0a0175966a0a4e81/inspector.html?ws=localhost:9222/devtools/page/19BC76F21BF6829C323C1AA58C107B65",
   "id": "19BC76F21BF6829C323C1AA58C107B65",
   "parentId": "131C67BD69AB567C2312B29E3D65719E",
   "title": "chrome-untrusted://new-tab-page/one-google-bar?paramsencoded=",
   "type": "iframe",
   "url": "chrome-untrusted://new-tab-page/one-google-bar?paramsencoded=",
   "webSocketDebuggerUrl": "ws://localhost:9222/devtools/page/19BC76F21BF6829C323C1AA58C107B65"
}, {
   "description": "",
   "devtoolsFrontendUrl": "https://chrome-devtools-frontend.appspot.com/serve_rev/@b6965f826881a60c51151cfc0a0175966a0a4e81/worker_app.html?ws=localhost:9222/devtools/page/C6CC9BF1A1D1CFD3F57F39DF1D5F33B3",
   "id": "C6CC9BF1A1D1CFD3F57F39DF1D5F33B3",
   "title": "Service Worker chrome-extension://fignfifoniblkonapihmkfakmlgkbkcf/service_worker.js",
   "type": "service_worker",
   "url": "chrome-extension://fignfifoniblkonapihmkfakmlgkbkcf/service_worker.js",
   "webSocketDebuggerUrl": "ws://localhost:9222/devtools/page/C6CC9BF1A1D1CFD3F57F39DF1D5F33B3"
} ]


19:56:22.833 [main] DEBUG c.i.k.driver.chrome_1762698379459 - root frame id: 131C67BD69AB567C2312B29E3D65719E
19:56:23.925 [nioEventLoopGroup-2-1] DEBUG c.i.k.http.WebSocketClientHandler - websocket client connected
19:56:23.931 [main] DEBUG c.i.k.driver.chrome_1762698379459 - >> {"id":1,"method":"Target.attachToTarget","params":{"targetId":"131C67BD69AB567C2312B29E3D65719E","flatten":true}}
19:56:23.979 [nioEventLoopGroup-2-1] DEBUG c.i.k.driver.chrome_1762698379459 - << {"method":"Target.attachedToTarget","params":{"sessionId":"B2AF19AAE65D72862A2AC800C58C0712","targetInfo":{"targetId":"131C67BD69AB567C2312B29E3D65719E","type":"page","title":"New Tab","url":"chrome://newtab/","attached":true,"canAccessOpener":false,"browserContextId":"6CA196784CAF112E4BB975DEEE793E0E"},"waitingForDebugger":false}}
19:56:23.982 [nioEventLoopGroup-2-1] DEBUG c.i.k.driver.chrome_1762698379459 - << {"id":1,"result":{"sessionId":"B2AF19AAE65D72862A2AC800C58C0712"}}
19:56:23.984 [main] DEBUG c.i.k.driver.chrome_1762698379459 - >> {"id":2,"sessionId":"B2AF19AAE65D72862A2AC800C58C0712","method":"Target.activateTarget","params":{"targetId":"131C67BD69AB567C2312B29E3D65719E"}}
19:56:23.990 [nioEventLoopGroup-2-1] DEBUG c.i.k.driver.chrome_1762698379459 - << {"id":2,"result":{},"sessionId":"B2AF19AAE65D72862A2AC800C58C0712"}
19:56:23.991 [main] DEBUG c.i.k.driver.chrome_1762698379459 - >> {"id":3,"sessionId":"B2AF19AAE65D72862A2AC800C58C0712","method":"Target.setDiscoverTargets","params":{"discover":true}}
19:56:23.993 [nioEventLoopGroup-2-1] DEBUG c.i.k.driver.chrome_1762698379459 - << {"method":"Target.targetCreated","params":{"targetInfo":{"targetId":"131C67BD69AB567C2312B29E3D65719E","type":"page","title":"New Tab","url":"chrome://newtab/","attached":true,"canAccessOpener":false,"browserContextId":"6CA196784CAF112E4BB975DEEE793E0E"}},"sessionId":"B2AF19AAE65D72862A2AC800C58C0712"}
19:56:23.994 [nioEventLoopGroup-2-1] DEBUG c.i.k.driver.chrome_1762698379459 - << {"method":"Target.targetCreated","params":{"targetInfo":{"targetId":"19BC76F21BF6829C323C1AA58C107B65","type":"iframe","title":"chrome-untrusted://new-tab-page/one-google-bar?paramsencoded=","url":"chrome-untrusted://new-tab-page/one-google-bar?paramsencoded=","attached":false,"canAccessOpener":false,"parentFrameId":"131C67BD69AB567C2312B29E3D65719E","browserContextId":"6CA196784CAF112E4BB975DEEE793E0E"}},"sessionId":"B2AF19AAE65D72862A2AC800C58C0712"}
19:56:23.996 [nioEventLoopGroup-2-1] DEBUG c.i.k.driver.chrome_1762698379459 - << {"method":"Target.targetCreated","params":{"targetInfo":{"targetId":"634E91CB4FA2E56FDA73B5F3CACF4E5F","type":"background_page","title":"Google Hangouts","url":"chrome-extension://nkeimhogjdpnpccoofpliimaahmaaome/background.html","attached":false,"canAccessOpener":false,"browserContextId":"6CA196784CAF112E4BB975DEEE793E0E"}},"sessionId":"B2AF19AAE65D72862A2AC800C58C0712"}
19:56:23.996 [nioEventLoopGroup-2-1] DEBUG c.i.k.driver.chrome_1762698379459 - << {"method":"Target.targetCreated","params":{"targetInfo":{"targetId":"C6CC9BF1A1D1CFD3F57F39DF1D5F33B3","type":"service_worker","title":"Service Worker chrome-extension://fignfifoniblkonapihmkfakmlgkbkcf/service_worker.js","url":"chrome-extension://fignfifoniblkonapihmkfakmlgkbkcf/service_worker.js","attached":false,"canAccessOpener":false,"browserContextId":"6CA196784CAF112E4BB975DEEE793E0E"}},"sessionId":"B2AF19AAE65D72862A2AC800C58C0712"}
19:56:23.997 [nioEventLoopGroup-2-1] DEBUG c.i.k.driver.chrome_1762698379459 - << {"id":3,"result":{},"sessionId":"B2AF19AAE65D72862A2AC800C58C0712"}
19:56:23.999 [main] DEBUG c.i.k.driver.chrome_1762698379459 - >> {"id":4,"sessionId":"B2AF19AAE65D72862A2AC800C58C0712","method":"Page.enable"}
19:56:24.004 [nioEventLoopGroup-2-1] DEBUG c.i.k.driver.chrome_1762698379459 - << {"id":4,"result":{},"sessionId":"B2AF19AAE65D72862A2AC800C58C0712"}
19:56:24.005 [main] DEBUG c.i.k.driver.chrome_1762698379459 - >> {"id":5,"sessionId":"B2AF19AAE65D72862A2AC800C58C0712","method":"Runtime.enable"}
19:56:24.012 [nioEventLoopGroup-2-1] DEBUG c.i.k.driver.chrome_1762698379459 - << {"method":"Runtime.executionContextCreated","params":{"context":{"id":2,"origin":"chrome://new-tab-page","name":"","uniqueId":"-8792610455161206388.4366209972351535077","auxData":{"isDefault":true,"type":"default","frameId":"760A3166E694761264857442BC01C051"}}},"sessionId":"B2AF19AAE65D72862A2AC800C58C0712"}
19:56:24.013 [nioEventLoopGroup-2-1] DEBUG c.i.k.driver.chrome_1762698379459 - << {"method":"Runtime.executionContextCreated","params":{"context":{"id":1,"origin":"chrome://new-tab-page","name":"","uniqueId":"-1272300578289333622.928656038993730956","auxData":{"isDefault":true,"type":"default","frameId":"131C67BD69AB567C2312B29E3D65719E"}}},"sessionId":"B2AF19AAE65D72862A2AC800C58C0712"}
19:56:24.015 [nioEventLoopGroup-2-1] DEBUG c.i.k.driver.chrome_1762698379459 - << {"id":5,"result":{},"sessionId":"B2AF19AAE65D72862A2AC800C58C0712"}
19:56:24.018 [main] DEBUG c.i.k.driver.chrome_1762698379459 - >> {"id":6,"sessionId":"B2AF19AAE65D72862A2AC800C58C0712","method":"Browser.getWindowForTarget","params":{"targetId":"131C67BD69AB567C2312B29E3D65719E"}}
19:56:24.022 [nioEventLoopGroup-2-1] DEBUG c.i.k.driver.chrome_1762698379459 - << {"id":6,"result":{"windowId":248067990,"bounds":{"left":9,"top":9,"width":1051,"height":798,"windowState":"normal"}},"sessionId":"B2AF19AAE65D72862A2AC800C58C0712"}
19:56:24.542 [main] DEBUG c.i.k.driver.chrome_1762698379459 - >> {"id":7,"sessionId":"B2AF19AAE65D72862A2AC800C58C0712","method":"Page.navigate","params":{"url":"https:\/\/www.saucedemo.com\/"}}
19:56:24.555 [nioEventLoopGroup-2-1] DEBUG c.i.k.driver.chrome_1762698379459 - << {"method":"Page.frameStartedNavigating","params":{"frameId":"131C67BD69AB567C2312B29E3D65719E","url":"https://www.saucedemo.com/","loaderId":"4201040B0A7213CC4FAEAF1DF9B548C0","navigationType":"differentDocument"},"sessionId":"B2AF19AAE65D72862A2AC800C58C0712"}
19:56:24.556 [nioEventLoopGroup-2-1] DEBUG c.i.k.driver.chrome_1762698379459 - << {"method":"Page.frameStartedLoading","params":{"frameId":"131C67BD69AB567C2312B29E3D65719E"},"sessionId":"B2AF19AAE65D72862A2AC800C58C0712"}
19:56:24.756 [nioEventLoopGroup-2-1] DEBUG c.i.k.driver.chrome_1762698379459 - << {"id":7,"result":{"frameId":"131C67BD69AB567C2312B29E3D65719E","loaderId":"4201040B0A7213CC4FAEAF1DF9B548C0","isDownload":false},"sessionId":"B2AF19AAE65D72862A2AC800C58C0712"}
19:56:24.865 [nioEventLoopGroup-2-1] DEBUG c.i.k.driver.chrome_1762698379459 - << {"method":"Runtime.executionContextsCleared","params":{},"sessionId":"B2AF19AAE65D72862A2AC800C58C0712"}
19:56:24.866 [nioEventLoopGroup-2-1] DEBUG c.i.k.driver.chrome_1762698379459 - << {"method":"Runtime.executionContextsCleared","params":{},"sessionId":"B2AF19AAE65D72862A2AC800C58C0712"}
19:56:24.867 [nioEventLoopGroup-2-1] DEBUG c.i.k.driver.chrome_1762698379459 - << {"method":"Page.frameNavigated","params":{"frame":{"id":"131C67BD69AB567C2312B29E3D65719E","loaderId":"4201040B0A7213CC4FAEAF1DF9B548C0","url":"https://www.saucedemo.com/","domainAndRegistry":"saucedemo.com","securityOrigin":"https://www.saucedemo.com","securityOriginDetails":{"isLocalhost":false},"mimeType":"text/html","adFrameStatus":{"adFrameType":"none"},"secureContextType":"Secure","crossOriginIsolatedContextType":"NotIsolated","gatedAPIFeatures":[]},"type":"Navigation"},"sessionId":"B2AF19AAE65D72862A2AC800C58C0712"}
19:56:24.877 [nioEventLoopGroup-2-1] DEBUG c.i.k.driver.chrome_1762698379459 - << {"method":"Target.targetInfoChanged","params":{"targetInfo":{"targetId":"131C67BD69AB567C2312B29E3D65719E","type":"page","title":"saucedemo.com","url":"https://www.saucedemo.com/","attached":true,"canAccessOpener":false,"browserContextId":"6CA196784CAF112E4BB975DEEE793E0E"}},"sessionId":"B2AF19AAE65D72862A2AC800C58C0712"}
19:56:24.880 [nioEventLoopGroup-2-1] DEBUG c.i.k.driver.chrome_1762698379459 - << {"method":"Page.frameDetached","params":{"frameId":"19BC76F21BF6829C323C1AA58C107B65","reason":"remove"},"sessionId":"B2AF19AAE65D72862A2AC800C58C0712"}
19:56:24.882 [nioEventLoopGroup-2-1] DEBUG c.i.k.driver.chrome_1762698379459 - << {"method":"Target.targetDestroyed","params":{"targetId":"19BC76F21BF6829C323C1AA58C107B65"},"sessionId":"B2AF19AAE65D72862A2AC800C58C0712"}
19:56:24.883 [nioEventLoopGroup-2-1] DEBUG c.i.k.driver.chrome_1762698379459 - << {"method":"Runtime.executionContextCreated","params":{"context":{"id":1,"origin":"https://www.saucedemo.com","name":"","uniqueId":"-7477108106518958955.-5369067771988253610","auxData":{"isDefault":true,"type":"default","frameId":"131C67BD69AB567C2312B29E3D65719E"}}},"sessionId":"B2AF19AAE65D72862A2AC800C58C0712"}
19:56:25.619 [nioEventLoopGroup-2-1] DEBUG c.i.k.driver.chrome_1762698379459 - << {"method":"Page.domContentEventFired","params":{"timestamp":976494.638687},"sessionId":"B2AF19AAE65D72862A2AC800C58C0712"}
19:56:25.728 [nioEventLoopGroup-2-1] DEBUG c.i.k.driver.chrome_1762698379459 - << {"method":"Page.loadEventFired","params":{"timestamp":976494.774404},"sessionId":"B2AF19AAE65D72862A2AC800C58C0712"}
19:56:25.730 [nioEventLoopGroup-2-1] DEBUG c.i.k.driver.chrome_1762698379459 - << {"method":"Page.frameStoppedLoading","params":{"frameId":"131C67BD69AB567C2312B29E3D65719E"},"sessionId":"B2AF19AAE65D72862A2AC800C58C0712"}
19:56:25.731 [nioEventLoopGroup-2-1] DEBUG c.i.k.driver.chrome_1762698379459 - << {"method":"Target.targetCreated","params":{"targetInfo":{"targetId":"2F401E0C17FE95EA77F9710678631E60","type":"service_worker","title":"Service Worker https://www.saucedemo.com/service-worker.js","url":"https://www.saucedemo.com/service-worker.js","attached":false,"canAccessOpener":false,"browserContextId":"6CA196784CAF112E4BB975DEEE793E0E"}},"sessionId":"B2AF19AAE65D72862A2AC800C58C0712"}
19:56:26.996 [nioEventLoopGroup-2-1] DEBUG c.i.k.driver.chrome_1762698379459 - << {"method":"Runtime.consoleAPICalled","params":{"type":"log","args":[{"type":"string","value":"Content is cached for offline use."}],"executionContextId":1,"timestamp":1.76269838699505e+12,"stackTrace":{"callFrames":[{"functionName":"console.<computed>","scriptId":"6","url":"https://www.saucedemo.com/static/js/main.bcf4bc5f.js","lineNumber":1,"columnNumber":506862},{"functionName":"n.onstatechange","scriptId":"6","url":"https://www.saucedemo.com/static/js/main.bcf4bc5f.js","lineNumber":1,"columnNumber":659058}]}},"sessionId":"B2AF19AAE65D72862A2AC800C58C0712"}
19:56:27.002 [nioEventLoopGroup-2-1] DEBUG c.i.k.driver.chrome_1762698379459 - [console] Content is cached for offline use.
19:56:27.636 [chrome_1762698379459-out] DEBUG c.i.k.driver.chrome_1762698379459 - [16432:11148:1109/195627.636:ERROR:google_apis\gcm\engine\registration_request.cc:292] Registration response error message: DEPRECATED_ENDPOINT
19:56:28.586 [nioEventLoopGroup-2-1] DEBUG c.i.k.driver.chrome_1762698379459 - << {"method":"Target.targetCreated","params":{"targetInfo":{"targetId":"2FBFA5D7188618C479EDEFCF33C71E44","type":"other","title":"","url":"","attached":false,"canAccessOpener":false,"browserContextId":"6CA196784CAF112E4BB975DEEE793E0E"}},"sessionId":"B2AF19AAE65D72862A2AC800C58C0712"}
19:56:28.593 [nioEventLoopGroup-2-1] DEBUG c.i.k.driver.chrome_1762698379459 - << {"method":"Target.targetDestroyed","params":{"targetId":"2F401E0C17FE95EA77F9710678631E60"},"sessionId":"B2AF19AAE65D72862A2AC800C58C0712"}
19:56:28.702 [main] DEBUG c.i.k.driver.chrome_1762698379459 - >> {"id":8,"sessionId":"B2AF19AAE65D72862A2AC800C58C0712","method":"Runtime.evaluate","params":{"expression":"document.title","returnByValue":true}}
19:56:28.705 [nioEventLoopGroup-2-1] DEBUG c.i.k.driver.chrome_1762698379459 - << {"id":8,"result":{"result":{"type":"string","value":"Swag Labs"}},"sessionId":"B2AF19AAE65D72862A2AC800C58C0712"}
19:56:28.741 [nioEventLoopGroup-2-1] DEBUG c.i.k.driver.chrome_1762698379459 - << {"method":"Target.targetInfoChanged","params":{"targetInfo":{"targetId":"2FBFA5D7188618C479EDEFCF33C71E44","type":"background_page","title":"Chrome Web Store Payments","url":"chrome-extension://nmmhkkegccagdldgiimedpiccmgmieda/_generated_background_page.html","attached":false,"canAccessOpener":false,"browserContextId":"6CA196784CAF112E4BB975DEEE793E0E"}},"sessionId":"B2AF19AAE65D72862A2AC800C58C0712"}
19:56:28.756 [main] DEBUG c.i.k.driver.chrome_1762698379459 - >> {"id":9,"sessionId":"B2AF19AAE65D72862A2AC800C58C0712","method":"Target.closeTarget","params":{"targetId":"131C67BD69AB567C2312B29E3D65719E"}}
19:56:28.763 [nioEventLoopGroup-2-1] DEBUG c.i.k.driver.chrome_1762698379459 - << {"id":9,"result":{"success":true},"sessionId":"B2AF19AAE65D72862A2AC800C58C0712"}
19:56:28.766 [nioEventLoopGroup-2-1] DEBUG c.i.k.http.WebSocketClientHandler - websocket closing
19:56:28.769 [nioEventLoopGroup-2-1] DEBUG c.i.k.http.WebSocketClientHandler - websocket client disconnected
19:56:28.774 [main] DEBUG com.intuit.karate.shell.Command - closing command: chrome_1762698379459
19:56:30.545 [chrome_1762698379459] WARN  com.intuit.karate.shell.Command - exit code was non-zero: 1 - [C:\Program Files\Google\Chrome\Application\chrome.exe, --remote-debugging-port=9222, --remote-allow-origins=*, --no-first-run, --user-data-dir=C:\Users\akhil\eclipse-workspace\KarateUITesting\target\chrome_1762698379459, --disable-popup-blocking] working dir: target\chrome_1762698379459
19:57:26.623 [main] DEBUG com.intuit.karate.Suite - [config] classpath:karate-config.js
19:57:28.129 [main] INFO  com.intuit.karate - karate.env system property was: null 
19:57:28.226 [main] DEBUG com.intuit.karate.shell.Command - found / verified free local port: 9222
19:57:28.234 [chrome_1762698448219] DEBUG c.i.k.driver.chrome_1762698448219 - command: [C:\Program Files\Google\Chrome\Application\chrome.exe, --remote-debugging-port=9222, --remote-allow-origins=*, --no-first-run, --user-data-dir=C:\Users\akhil\eclipse-workspace\KarateUITesting\target\chrome_1762698448219, --disable-popup-blocking], working dir: target\chrome_1762698448219
19:57:28.240 [main] DEBUG c.i.k.driver.chrome_1762698448219 - poll attempt #0 for port to be ready - localhost:9222
19:57:28.507 [main] DEBUG c.i.k.driver.chrome_1762698448219 - poll attempt #1 for port to be ready - localhost:9222
19:57:28.772 [main] DEBUG c.i.k.driver.chrome_1762698448219 - poll attempt #2 for port to be ready - localhost:9222
19:57:29.036 [main] DEBUG c.i.k.driver.chrome_1762698448219 - poll attempt #3 for port to be ready - localhost:9222
19:57:29.423 [main] DEBUG c.i.k.driver.chrome_1762698448219 - poll attempt #4 for port to be ready - localhost:9222
19:57:29.689 [main] DEBUG c.i.k.driver.chrome_1762698448219 - poll attempt #5 for port to be ready - localhost:9222
19:57:29.956 [main] DEBUG c.i.k.driver.chrome_1762698448219 - poll attempt #6 for port to be ready - localhost:9222
19:57:30.219 [main] DEBUG c.i.k.driver.chrome_1762698448219 - poll attempt #7 for port to be ready - localhost:9222
19:57:30.485 [main] DEBUG c.i.k.driver.chrome_1762698448219 - poll attempt #8 for port to be ready - localhost:9222
19:57:30.735 [chrome_1762698448219-out] DEBUG c.i.k.driver.chrome_1762698448219 - 
19:57:30.735 [chrome_1762698448219-out] DEBUG c.i.k.driver.chrome_1762698448219 - DevTools listening on ws://127.0.0.1:9222/devtools/browser/cc2ebcb0-8056-4892-a239-703baab11513
19:57:30.762 [main] DEBUG c.i.k.driver.chrome_1762698448219 - poll attempt #9 for port to be ready - localhost:9222
19:57:32.494 [main] DEBUG com.intuit.karate - request:
1 > GET http://localhost:9222/json
1 > Host: localhost:9222
1 > Connection: Keep-Alive
1 > User-Agent: Apache-HttpClient/4.5.14 (Java/17.0.6)
1 > Accept-Encoding: gzip,deflate


19:57:32.553 [main] DEBUG com.intuit.karate - response time in milliseconds: 55
1 < 200
1 < Content-Security-Policy: frame-ancestors 'none'
1 < Content-Length: 982
1 < Content-Type: application/json; charset=UTF-8
[ {
   "description": "",
   "devtoolsFrontendUrl": "https://chrome-devtools-frontend.appspot.com/serve_rev/@b6965f826881a60c51151cfc0a0175966a0a4e81/inspector.html?ws=localhost:9222/devtools/page/83800BB72E74403C083D76BEB2B47999",
   "id": "83800BB72E74403C083D76BEB2B47999",
   "title": "Google Hangouts",
   "type": "background_page",
   "url": "chrome-extension://nkeimhogjdpnpccoofpliimaahmaaome/background.html",
   "webSocketDebuggerUrl": "ws://localhost:9222/devtools/page/83800BB72E74403C083D76BEB2B47999"
}, {
   "description": "",
   "devtoolsFrontendUrl": "https://chrome-devtools-frontend.appspot.com/serve_rev/@b6965f826881a60c51151cfc0a0175966a0a4e81/inspector.html?ws=localhost:9222/devtools/page/7F404B2498E1F0E655A8071ED5786671",
   "id": "7F404B2498E1F0E655A8071ED5786671",
   "title": "New Tab",
   "type": "page",
   "url": "chrome://newtab/",
   "webSocketDebuggerUrl": "ws://localhost:9222/devtools/page/7F404B2498E1F0E655A8071ED5786671"
} ]


19:57:32.576 [main] DEBUG com.intuit.karate.shell.Command - ready to accept http connections after 1379 ms - http://localhost:9222/json
19:57:32.579 [main] DEBUG com.intuit.karate - request:
1 > GET http://localhost:9222/json
1 > Host: localhost:9222
1 > Connection: Keep-Alive
1 > User-Agent: Apache-HttpClient/4.5.14 (Java/17.0.6)
1 > Accept-Encoding: gzip,deflate


19:57:32.583 [main] DEBUG com.intuit.karate - response time in milliseconds: 3
1 < 200
1 < Content-Security-Policy: frame-ancestors 'none'
1 < Content-Length: 982
1 < Content-Type: application/json; charset=UTF-8
[ {
   "description": "",
   "devtoolsFrontendUrl": "https://chrome-devtools-frontend.appspot.com/serve_rev/@b6965f826881a60c51151cfc0a0175966a0a4e81/inspector.html?ws=localhost:9222/devtools/page/83800BB72E74403C083D76BEB2B47999",
   "id": "83800BB72E74403C083D76BEB2B47999",
   "title": "Google Hangouts",
   "type": "background_page",
   "url": "chrome-extension://nkeimhogjdpnpccoofpliimaahmaaome/background.html",
   "webSocketDebuggerUrl": "ws://localhost:9222/devtools/page/83800BB72E74403C083D76BEB2B47999"
}, {
   "description": "",
   "devtoolsFrontendUrl": "https://chrome-devtools-frontend.appspot.com/serve_rev/@b6965f826881a60c51151cfc0a0175966a0a4e81/inspector.html?ws=localhost:9222/devtools/page/7F404B2498E1F0E655A8071ED5786671",
   "id": "7F404B2498E1F0E655A8071ED5786671",
   "title": "New Tab",
   "type": "page",
   "url": "chrome://newtab/",
   "webSocketDebuggerUrl": "ws://localhost:9222/devtools/page/7F404B2498E1F0E655A8071ED5786671"
} ]


19:57:32.855 [main] DEBUG c.i.k.driver.chrome_1762698448219 - root frame id: 7F404B2498E1F0E655A8071ED5786671
19:57:34.665 [nioEventLoopGroup-2-1] DEBUG c.i.k.http.WebSocketClientHandler - websocket client connected
19:57:34.670 [main] DEBUG c.i.k.driver.chrome_1762698448219 - >> {"id":1,"method":"Target.attachToTarget","params":{"targetId":"7F404B2498E1F0E655A8071ED5786671","flatten":true}}
19:57:34.695 [nioEventLoopGroup-2-1] DEBUG c.i.k.driver.chrome_1762698448219 - << {"method":"Target.attachedToTarget","params":{"sessionId":"8FA754CD322E9F60F2411441C788590E","targetInfo":{"targetId":"7F404B2498E1F0E655A8071ED5786671","type":"page","title":"New Tab","url":"chrome://newtab/","attached":true,"canAccessOpener":false,"browserContextId":"DE75A1D31EFB1516FDA9928BA95FCDE3"},"waitingForDebugger":false}}
19:57:34.696 [nioEventLoopGroup-2-1] DEBUG c.i.k.driver.chrome_1762698448219 - << {"id":1,"result":{"sessionId":"8FA754CD322E9F60F2411441C788590E"}}
19:57:34.703 [main] DEBUG c.i.k.driver.chrome_1762698448219 - >> {"id":2,"sessionId":"8FA754CD322E9F60F2411441C788590E","method":"Target.activateTarget","params":{"targetId":"7F404B2498E1F0E655A8071ED5786671"}}
19:57:34.708 [nioEventLoopGroup-2-1] DEBUG c.i.k.driver.chrome_1762698448219 - << {"id":2,"result":{},"sessionId":"8FA754CD322E9F60F2411441C788590E"}
19:57:34.713 [main] DEBUG c.i.k.driver.chrome_1762698448219 - >> {"id":3,"sessionId":"8FA754CD322E9F60F2411441C788590E","method":"Target.setDiscoverTargets","params":{"discover":true}}
19:57:34.715 [nioEventLoopGroup-2-1] DEBUG c.i.k.driver.chrome_1762698448219 - << {"method":"Target.targetCreated","params":{"targetInfo":{"targetId":"7F404B2498E1F0E655A8071ED5786671","type":"page","title":"New Tab","url":"chrome://newtab/","attached":true,"canAccessOpener":false,"browserContextId":"DE75A1D31EFB1516FDA9928BA95FCDE3"}},"sessionId":"8FA754CD322E9F60F2411441C788590E"}
19:57:34.716 [nioEventLoopGroup-2-1] DEBUG c.i.k.driver.chrome_1762698448219 - << {"method":"Target.targetCreated","params":{"targetInfo":{"targetId":"83800BB72E74403C083D76BEB2B47999","type":"background_page","title":"Google Hangouts","url":"chrome-extension://nkeimhogjdpnpccoofpliimaahmaaome/background.html","attached":false,"canAccessOpener":false,"browserContextId":"DE75A1D31EFB1516FDA9928BA95FCDE3"}},"sessionId":"8FA754CD322E9F60F2411441C788590E"}
19:57:34.716 [nioEventLoopGroup-2-1] DEBUG c.i.k.driver.chrome_1762698448219 - << {"method":"Target.targetCreated","params":{"targetInfo":{"targetId":"B362901F534F8F0A4E5939AE374EA9B9","type":"service_worker","title":"Service Worker chrome-extension://fignfifoniblkonapihmkfakmlgkbkcf/service_worker.js","url":"chrome-extension://fignfifoniblkonapihmkfakmlgkbkcf/service_worker.js","attached":false,"canAccessOpener":false,"browserContextId":"DE75A1D31EFB1516FDA9928BA95FCDE3"}},"sessionId":"8FA754CD322E9F60F2411441C788590E"}
19:57:34.717 [nioEventLoopGroup-2-1] DEBUG c.i.k.driver.chrome_1762698448219 - << {"id":3,"result":{},"sessionId":"8FA754CD322E9F60F2411441C788590E"}
19:57:34.718 [main] DEBUG c.i.k.driver.chrome_1762698448219 - >> {"id":4,"sessionId":"8FA754CD322E9F60F2411441C788590E","method":"Page.enable"}
19:57:34.733 [nioEventLoopGroup-2-1] DEBUG c.i.k.driver.chrome_1762698448219 - << {"id":4,"result":{},"sessionId":"8FA754CD322E9F60F2411441C788590E"}
19:57:34.737 [main] DEBUG c.i.k.driver.chrome_1762698448219 - >> {"id":5,"sessionId":"8FA754CD322E9F60F2411441C788590E","method":"Runtime.enable"}
19:57:34.742 [nioEventLoopGroup-2-1] DEBUG c.i.k.driver.chrome_1762698448219 - << {"method":"Runtime.executionContextCreated","params":{"context":{"id":3,"origin":"chrome://new-tab-page","name":"","uniqueId":"-1065103094853222273.-5838217095277859537","auxData":{"isDefault":true,"type":"default","frameId":"5EE8F5023AC32C54BFE84CAB1AAE0048"}}},"sessionId":"8FA754CD322E9F60F2411441C788590E"}
19:57:34.744 [nioEventLoopGroup-2-1] DEBUG c.i.k.driver.chrome_1762698448219 - << {"method":"Runtime.executionContextCreated","params":{"context":{"id":2,"origin":"chrome://new-tab-page","name":"","uniqueId":"2810727179561846746.-6777416816206789891","auxData":{"isDefault":true,"type":"default","frameId":"5A42750CC99F557E4C17724BDD713442"}}},"sessionId":"8FA754CD322E9F60F2411441C788590E"}
19:57:34.746 [nioEventLoopGroup-2-1] DEBUG c.i.k.driver.chrome_1762698448219 - << {"method":"Runtime.executionContextCreated","params":{"context":{"id":1,"origin":"chrome://new-tab-page","name":"","uniqueId":"-492398366051202132.-3226219875296336327","auxData":{"isDefault":true,"type":"default","frameId":"7F404B2498E1F0E655A8071ED5786671"}}},"sessionId":"8FA754CD322E9F60F2411441C788590E"}
19:57:34.758 [nioEventLoopGroup-2-1] DEBUG c.i.k.driver.chrome_1762698448219 - << {"id":5,"result":{},"sessionId":"8FA754CD322E9F60F2411441C788590E"}
19:57:34.760 [main] DEBUG c.i.k.driver.chrome_1762698448219 - >> {"id":6,"sessionId":"8FA754CD322E9F60F2411441C788590E","method":"Browser.getWindowForTarget","params":{"targetId":"7F404B2498E1F0E655A8071ED5786671"}}
19:57:34.764 [nioEventLoopGroup-2-1] DEBUG c.i.k.driver.chrome_1762698448219 - << {"id":6,"result":{"windowId":596229100,"bounds":{"left":9,"top":9,"width":1051,"height":798,"windowState":"normal"}},"sessionId":"8FA754CD322E9F60F2411441C788590E"}
19:57:34.922 [nioEventLoopGroup-2-1] DEBUG c.i.k.driver.chrome_1762698448219 - << {"method":"Target.targetCreated","params":{"targetInfo":{"targetId":"5EE8F5023AC32C54BFE84CAB1AAE0048","type":"iframe","title":"","url":"","attached":false,"canAccessOpener":false,"parentFrameId":"7F404B2498E1F0E655A8071ED5786671","browserContextId":"DE75A1D31EFB1516FDA9928BA95FCDE3"}},"sessionId":"8FA754CD322E9F60F2411441C788590E"}
19:57:34.930 [nioEventLoopGroup-2-1] DEBUG c.i.k.driver.chrome_1762698448219 - << {"method":"Target.targetInfoChanged","params":{"targetInfo":{"targetId":"5EE8F5023AC32C54BFE84CAB1AAE0048","type":"iframe","title":"chrome-untrusted://new-tab-page/one-google-bar?paramsencoded=","url":"chrome-untrusted://new-tab-page/one-google-bar?paramsencoded=","attached":false,"canAccessOpener":false,"parentFrameId":"7F404B2498E1F0E655A8071ED5786671","browserContextId":"DE75A1D31EFB1516FDA9928BA95FCDE3"}},"sessionId":"8FA754CD322E9F60F2411441C788590E"}
19:57:34.931 [nioEventLoopGroup-2-1] DEBUG c.i.k.driver.chrome_1762698448219 - << {"method":"Page.frameDetached","params":{"frameId":"5EE8F5023AC32C54BFE84CAB1AAE0048","reason":"swap"},"sessionId":"8FA754CD322E9F60F2411441C788590E"}
19:57:34.934 [nioEventLoopGroup-2-1] DEBUG c.i.k.driver.chrome_1762698448219 - << {"method":"Runtime.executionContextDestroyed","params":{"executionContextId":3,"executionContextUniqueId":"-1065103094853222273.-5838217095277859537"},"sessionId":"8FA754CD322E9F60F2411441C788590E"}
19:57:35.449 [main] DEBUG c.i.k.driver.chrome_1762698448219 - >> {"id":7,"sessionId":"8FA754CD322E9F60F2411441C788590E","method":"Page.navigate","params":{"url":"https:\/\/www.saucedemo.com\/"}}
19:57:35.459 [nioEventLoopGroup-2-1] DEBUG c.i.k.driver.chrome_1762698448219 - << {"method":"Page.frameStartedNavigating","params":{"frameId":"7F404B2498E1F0E655A8071ED5786671","url":"https://www.saucedemo.com/","loaderId":"4EACF0621EA8814D17E1C9AB9BA3AC22","navigationType":"differentDocument"},"sessionId":"8FA754CD322E9F60F2411441C788590E"}
19:57:35.460 [nioEventLoopGroup-2-1] DEBUG c.i.k.driver.chrome_1762698448219 - << {"method":"Page.frameStartedLoading","params":{"frameId":"7F404B2498E1F0E655A8071ED5786671"},"sessionId":"8FA754CD322E9F60F2411441C788590E"}
19:57:35.907 [nioEventLoopGroup-2-1] DEBUG c.i.k.driver.chrome_1762698448219 - << {"id":7,"result":{"frameId":"7F404B2498E1F0E655A8071ED5786671","loaderId":"4EACF0621EA8814D17E1C9AB9BA3AC22","isDownload":false},"sessionId":"8FA754CD322E9F60F2411441C788590E"}
19:57:35.909 [nioEventLoopGroup-2-1] DEBUG c.i.k.driver.chrome_1762698448219 - << {"method":"Runtime.executionContextsCleared","params":{},"sessionId":"8FA754CD322E9F60F2411441C788590E"}
19:57:35.910 [nioEventLoopGroup-2-1] DEBUG c.i.k.driver.chrome_1762698448219 - << {"method":"Runtime.executionContextsCleared","params":{},"sessionId":"8FA754CD322E9F60F2411441C788590E"}
19:57:35.911 [nioEventLoopGroup-2-1] DEBUG c.i.k.driver.chrome_1762698448219 - << {"method":"Page.frameNavigated","params":{"frame":{"id":"7F404B2498E1F0E655A8071ED5786671","loaderId":"4EACF0621EA8814D17E1C9AB9BA3AC22","url":"https://www.saucedemo.com/","domainAndRegistry":"saucedemo.com","securityOrigin":"https://www.saucedemo.com","securityOriginDetails":{"isLocalhost":false},"mimeType":"text/html","adFrameStatus":{"adFrameType":"none"},"secureContextType":"Secure","crossOriginIsolatedContextType":"NotIsolated","gatedAPIFeatures":[]},"type":"Navigation"},"sessionId":"8FA754CD322E9F60F2411441C788590E"}
19:57:35.914 [nioEventLoopGroup-2-1] DEBUG c.i.k.driver.chrome_1762698448219 - << {"method":"Page.frameDetached","params":{"frameId":"5EE8F5023AC32C54BFE84CAB1AAE0048","reason":"remove"},"sessionId":"8FA754CD322E9F60F2411441C788590E"}
19:57:35.914 [nioEventLoopGroup-2-1] DEBUG c.i.k.driver.chrome_1762698448219 - << {"method":"Target.targetDestroyed","params":{"targetId":"5EE8F5023AC32C54BFE84CAB1AAE0048"},"sessionId":"8FA754CD322E9F60F2411441C788590E"}
19:57:35.922 [nioEventLoopGroup-2-1] DEBUG c.i.k.driver.chrome_1762698448219 - << {"method":"Target.targetInfoChanged","params":{"targetInfo":{"targetId":"7F404B2498E1F0E655A8071ED5786671","type":"page","title":"saucedemo.com","url":"https://www.saucedemo.com/","attached":true,"canAccessOpener":false,"browserContextId":"DE75A1D31EFB1516FDA9928BA95FCDE3"}},"sessionId":"8FA754CD322E9F60F2411441C788590E"}
19:57:35.924 [nioEventLoopGroup-2-1] DEBUG c.i.k.driver.chrome_1762698448219 - << {"method":"Runtime.executionContextCreated","params":{"context":{"id":1,"origin":"https://www.saucedemo.com","name":"","uniqueId":"-5005045168990415305.1094156173023433052","auxData":{"isDefault":true,"type":"default","frameId":"7F404B2498E1F0E655A8071ED5786671"}}},"sessionId":"8FA754CD322E9F60F2411441C788590E"}
19:57:37.340 [chrome_1762698448219-out] DEBUG c.i.k.driver.chrome_1762698448219 - [21924:21408:1109/195737.339:ERROR:google_apis\gcm\engine\registration_request.cc:292] Registration response error message: DEPRECATED_ENDPOINT
19:57:37.569 [nioEventLoopGroup-2-1] DEBUG c.i.k.driver.chrome_1762698448219 - << {"method":"Page.domContentEventFired","params":{"timestamp":976566.592976},"sessionId":"8FA754CD322E9F60F2411441C788590E"}
19:57:38.198 [nioEventLoopGroup-2-1] DEBUG c.i.k.driver.chrome_1762698448219 - << {"method":"Page.loadEventFired","params":{"timestamp":976567.245379},"sessionId":"8FA754CD322E9F60F2411441C788590E"}
19:57:38.199 [nioEventLoopGroup-2-1] DEBUG c.i.k.driver.chrome_1762698448219 - << {"method":"Page.frameStoppedLoading","params":{"frameId":"7F404B2498E1F0E655A8071ED5786671"},"sessionId":"8FA754CD322E9F60F2411441C788590E"}
19:57:38.202 [nioEventLoopGroup-2-1] DEBUG c.i.k.driver.chrome_1762698448219 - << {"method":"Target.targetCreated","params":{"targetInfo":{"targetId":"CB339217FF57A3F210F51FBC50512E6B","type":"service_worker","title":"Service Worker https://www.saucedemo.com/service-worker.js","url":"https://www.saucedemo.com/service-worker.js","attached":false,"canAccessOpener":false,"browserContextId":"DE75A1D31EFB1516FDA9928BA95FCDE3"}},"sessionId":"8FA754CD322E9F60F2411441C788590E"}
19:57:40.655 [main] DEBUG c.i.k.driver.chrome_1762698448219 - >> {"id":8,"sessionId":"8FA754CD322E9F60F2411441C788590E","method":"Runtime.evaluate","params":{"expression":"document.title","returnByValue":true}}
19:57:40.658 [nioEventLoopGroup-2-1] DEBUG c.i.k.driver.chrome_1762698448219 - << {"id":8,"result":{"result":{"type":"string","value":"Swag Labs"}},"sessionId":"8FA754CD322E9F60F2411441C788590E"}
19:57:40.674 [main] ERROR com.intuit.karate - classpath:examples/users/GetCurrentUrlAndTitle.feature:15
Then match driver.title == 'Swag Labs1'
match failed: EQUALS
  $ | not equal (STRING:STRING)
  'Swag Labs'
  'Swag Labs1'

classpath:examples/users/GetCurrentUrlAndTitle.feature:15
19:57:40.674 [main] DEBUG c.i.k.driver.chrome_1762698448219 - >> {"id":9,"sessionId":"8FA754CD322E9F60F2411441C788590E","method":"Page.captureScreenshot"}
19:57:40.770 [nioEventLoopGroup-2-1] DEBUG c.i.k.driver.chrome_1762698448219 - << {"id":9,"result":{"data":"iVBORw0KGgoAAAANSUhEUgAABQ8AAANvCAIAAAD8/7uYAAAQAElEQVR4nOzdC1zUdaL//4+XHLV1Rjky0gaNZ6FRwTExMcYkSUmyFbQDUq1gJZQntF1v5xj6WyP7J7rH1C7SWlBu4mYIKyqtUWoYBiQKJYo6MXsicA8CoTOsyhjU/zsXbl8vjIqk9Ho+fMjM9/r5fhm+M+/5XL49axvOCQAAAAAA0EpPAQAAAAAA2iItAwAAAAAgR1oGAAAAAECOtAwAAAAAgBxpGQAAAAAAOdIyAAAAAABypGUAAAAAAORIywAAAAAAyJGWAQAAAACQIy0DAAAAACBHWgYAAAAAQI60DAAAAACAHGkZAAAAAAA50jIAAAAAAHKkZQAAAAAA5EjLAAAAAADIkZYBAAAAAJAjLQMAAAAAIEdaBgAAAABAjrQMAAAAAIAcaRkAAAAAADnSMgAAAAAAcqRlAAAAAADkSMsAAAAAAMiRlgEAAAAAkCMtAwAAAAAgR1oGAAAAAECOtAwAAAAAgBxpGQAAAAAAOdIyAAAAAABypGUAAAAAAORIywAAAAAAyJGWAQAAAACQIy0DAAAAACBHWgYAAAAAQI60DAAAAACAHGkZAAAAAAA50jIAAAAAAHKkZQAAAAAA5EjLAAAAAADIkZYBAAAAAJAjLQMAAAAAIEdaBgAAAABAjrQMAAAAAIAcaRkAAAAAADnSMgAAAAAAcqRlAAAAAADkSMsAAAAAAMiRlgEAAAAAkCMtAwAAAAAgR1oGAAAAAECOtAwAAAAAgBxpGQAAAAAAOdIyAAAAAABypGUAAAAAAORIywAAAAAAyHUXAADcEk4f3/r6vKkT9XcPGW77d++9E2csSMopt4hfkop3p9oO/79zxI1WtvFh26le8JkAAOAXiLQMALgF1GQu1t8fvmT97pKKuqZpFnPF1zv/57kJflMTvqwTAAAAHYqW2ACAm96hV4IXfmS2PlIMvH/KM1MD7lQIUXtsa/ ...
19:57:40.785 [main] DEBUG c.i.k.driver.chrome_1762698448219 - >> {"id":10,"sessionId":"8FA754CD322E9F60F2411441C788590E","method":"Target.closeTarget","params":{"targetId":"7F404B2498E1F0E655A8071ED5786671"}}
19:57:40.788 [nioEventLoopGroup-2-1] DEBUG c.i.k.driver.chrome_1762698448219 - << {"id":10,"result":{"success":true},"sessionId":"8FA754CD322E9F60F2411441C788590E"}
19:57:40.792 [nioEventLoopGroup-2-1] DEBUG c.i.k.http.WebSocketClientHandler - websocket closing
19:57:40.793 [nioEventLoopGroup-2-1] DEBUG c.i.k.http.WebSocketClientHandler - websocket client disconnected
19:57:40.903 [main] DEBUG com.intuit.karate.shell.Command - closing command: chrome_1762698448219
19:57:42.048 [chrome_1762698448219] WARN  com.intuit.karate.shell.Command - exit code was non-zero: 1 - [C:\Program Files\Google\Chrome\Application\chrome.exe, --remote-debugging-port=9222, --remote-allow-origins=*, --no-first-run, --user-data-dir=C:\Users\akhil\eclipse-workspace\KarateUITesting\target\chrome_1762698448219, --disable-popup-blocking] working dir: target\chrome_1762698448219
